<?xml version="1.0" encoding="UTF-8"?>
<coverage generated="1669674516777" clover="3.2.0">
  <project timestamp="1669674516777" name="All files">
    <metrics statements="8" coveredstatements="8" conditionals="6" coveredconditionals="6" methods="1" coveredmethods="1" elements="15" coveredelements="15" complexity="0" loc="8" ncloc="8" packages="1" files="1" classes="1"/>
    <file name="randomMinMax.js" path="/home/sergiofanellijr/javaScript/jsSnippets/randomMinMax.js">
      <metrics statements="8" coveredstatements="8" conditionals="6" coveredconditionals="6" methods="1" coveredmethods="1"/>
      <line num="5" count="1" type="stmt"/>
      <line num="6" count="28" type="cond" truecount="4" falsecount="0"/>
      <line num="7" count="1" type="stmt"/>
      <line num="8" count="27" type="cond" truecount="2" falsecount="0"/>
      <line num="9" count="6" type="stmt"/>
      <line num="11" count="21" type="stmt"/>
      <line num="12" count="21" type="stmt"/>
      <line num="16" count="1" type="stmt"/>
    </file>
  </project>
</coverage>
