<?xml version="1.0" encoding="UTF-8"?>
<coverage generated="1669750892797" clover="3.2.0">
  <project timestamp="1669750892797" name="All files">
    <metrics statements="17" coveredstatements="17" conditionals="12" coveredconditionals="12" methods="2" coveredmethods="2" elements="31" coveredelements="31" complexity="0" loc="17" ncloc="17" packages="1" files="2" classes="2"/>
    <file name="choose.js" path="/home/sergiofanellijr/javaScript/jsSnippets/choose.js">
      <metrics statements="9" coveredstatements="9" conditionals="6" coveredconditionals="6" methods="1" coveredmethods="1"/>
      <line num="3" count="1" type="stmt"/>
      <line num="4" count="10" type="cond" truecount="2" falsecount="0"/>
      <line num="5" count="2" type="stmt"/>
      <line num="6" count="8" type="cond" truecount="2" falsecount="0"/>
      <line num="7" count="1" type="stmt"/>
      <line num="8" count="7" type="cond" truecount="2" falsecount="0"/>
      <line num="9" count="3" type="stmt"/>
      <line num="11" count="4" type="stmt"/>
      <line num="14" count="1" type="stmt"/>
    </file>
    <file name="randomMinMax.js" path="/home/sergiofanellijr/javaScript/jsSnippets/randomMinMax.js">
      <metrics statements="8" coveredstatements="8" conditionals="6" coveredconditionals="6" methods="1" coveredmethods="1"/>
      <line num="5" count="1" type="stmt"/>
      <line num="6" count="28" type="cond" truecount="4" falsecount="0"/>
      <line num="7" count="1" type="stmt"/>
      <line num="8" count="27" type="cond" truecount="2" falsecount="0"/>
      <line num="9" count="18" type="stmt"/>
      <line num="11" count="9" type="stmt"/>
      <line num="12" count="9" type="stmt"/>
      <line num="16" count="1" type="stmt"/>
    </file>
  </project>
</coverage>
