{"/home/sergiofanellijr/javaScript/jsSnippets/choose.js": {"path":"/home/sergiofanellijr/javaScript/jsSnippets/choose.js","statementMap":{"0":{"start":{"line":3,"column":15},"end":{"line":13,"column":1}},"1":{"start":{"line":4,"column":4},"end":{"line":12,"column":5}},"2":{"start":{"line":5,"column":8},"end":{"line":5,"column":72}},"3":{"start":{"line":6,"column":11},"end":{"line":12,"column":5}},"4":{"start":{"line":7,"column":8},"end":{"line":7,"column":59}},"5":{"start":{"line":8,"column":11},"end":{"line":12,"column":5}},"6":{"start":{"line":9,"column":8},"end":{"line":9,"column":24}},"7":{"start":{"line":11,"column":8},"end":{"line":11,"column":63}},"8":{"start":{"line":14,"column":0},"end":{"line":14,"column":24}}},"fnMap":{"0":{"name":"(anonymous_0)","decl":{"start":{"line":3,"column":15},"end":{"line":3,"column":16}},"loc":{"start":{"line":3,"column":26},"end":{"line":13,"column":1}},"line":3}},"branchMap":{"0":{"loc":{"start":{"line":4,"column":4},"end":{"line":12,"column":5}},"type":"if","locations":[{"start":{"line":4,"column":4},"end":{"line":12,"column":5}},{"start":{"line":6,"column":11},"end":{"line":12,"column":5}}],"line":4},"1":{"loc":{"start":{"line":6,"column":11},"end":{"line":12,"column":5}},"type":"if","locations":[{"start":{"line":6,"column":11},"end":{"line":12,"column":5}},{"start":{"line":8,"column":11},"end":{"line":12,"column":5}}],"line":6},"2":{"loc":{"start":{"line":8,"column":11},"end":{"line":12,"column":5}},"type":"if","locations":[{"start":{"line":8,"column":11},"end":{"line":12,"column":5}},{"start":{"line":10,"column":11},"end":{"line":12,"column":5}}],"line":8}},"s":{"0":1,"1":10,"2":2,"3":8,"4":1,"5":7,"6":3,"7":4,"8":1},"f":{"0":10},"b":{"0":[2,8],"1":[1,7],"2":[3,4]},"_coverageSchema":"1a1c01bbd47fc00a2c39e90264f33305004495a9","hash":"01edaab0839d91cbe6725f58ff3836a107747752"}
,"/home/sergiofanellijr/javaScript/jsSnippets/randomMinMax.js": {"path":"/home/sergiofanellijr/javaScript/jsSnippets/randomMinMax.js","statementMap":{"0":{"start":{"line":5,"column":21},"end":{"line":14,"column":1}},"1":{"start":{"line":6,"column":4},"end":{"line":13,"column":5}},"2":{"start":{"line":7,"column":8},"end":{"line":7,"column":50}},"3":{"start":{"line":8,"column":11},"end":{"line":13,"column":5}},"4":{"start":{"line":9,"column":8},"end":{"line":9,"column":61}},"5":{"start":{"line":11,"column":8},"end":{"line":11,"column":32}},"6":{"start":{"line":12,"column":8},"end":{"line":12,"column":61}},"7":{"start":{"line":16,"column":0},"end":{"line":16,"column":30}}},"fnMap":{"0":{"name":"(anonymous_0)","decl":{"start":{"line":5,"column":21},"end":{"line":5,"column":22}},"loc":{"start":{"line":5,"column":35},"end":{"line":14,"column":1}},"line":5}},"branchMap":{"0":{"loc":{"start":{"line":6,"column":4},"end":{"line":13,"column":5}},"type":"if","locations":[{"start":{"line":6,"column":4},"end":{"line":13,"column":5}},{"start":{"line":8,"column":11},"end":{"line":13,"column":5}}],"line":6},"1":{"loc":{"start":{"line":6,"column":8},"end":{"line":6,"column":58}},"type":"binary-expr","locations":[{"start":{"line":6,"column":8},"end":{"line":6,"column":31}},{"start":{"line":6,"column":35},"end":{"line":6,"column":58}}],"line":6},"2":{"loc":{"start":{"line":8,"column":11},"end":{"line":13,"column":5}},"type":"if","locations":[{"start":{"line":8,"column":11},"end":{"line":13,"column":5}},{"start":{"line":10,"column":11},"end":{"line":13,"column":5}}],"line":8}},"s":{"0":1,"1":28,"2":1,"3":27,"4":18,"5":9,"6":9,"7":1},"f":{"0":28},"b":{"0":[1,27],"1":[28,27],"2":[18,9]},"_coverageSchema":"1a1c01bbd47fc00a2c39e90264f33305004495a9","hash":"4b351dcc981b5c5653fc420856c30fd853dfa0e5"}
}
