TN:
SF:choose.js
FN:3,(anonymous_0)
FNF:1
FNH:1
FNDA:10,(anonymous_0)
DA:3,1
DA:4,10
DA:5,2
DA:6,8
DA:7,1
DA:8,7
DA:9,3
DA:11,4
DA:14,1
LF:9
LH:9
BRDA:4,0,0,2
BRDA:4,0,1,8
BRDA:6,1,0,1
BRDA:6,1,1,7
BRDA:8,2,0,3
BRDA:8,2,1,4
BRF:6
BRH:6
end_of_record
TN:
SF:randomMinMax.js
FN:5,(anonymous_0)
FNF:1
FNH:1
FNDA:28,(anonymous_0)
DA:5,1
DA:6,28
DA:7,1
DA:8,27
DA:9,18
DA:11,9
DA:12,9
DA:16,1
LF:8
LH:8
BRDA:6,0,0,1
BRDA:6,0,1,27
BRDA:6,1,0,28
BRDA:6,1,1,27
BRDA:8,2,0,18
BRDA:8,2,1,9
BRF:6
BRH:6
end_of_record
